2025-03-20 13:54:37.810 | INFO     | __main__:main:41 - Starting data preparation...
2025-03-20 13:54:37.810 | INFO     | __main__:read_raw_data:26 - Reading raw data from /Users/craigwilcox/Projects/smart-store-craigwilcox/data/raw/customers_data.csv.
2025-03-20 13:54:37.815 | INFO     | __main__:read_raw_data:26 - Reading raw data from /Users/craigwilcox/Projects/smart-store-craigwilcox/data/raw/products_data.csv.
2025-03-20 13:54:37.817 | INFO     | __main__:read_raw_data:26 - Reading raw data from /Users/craigwilcox/Projects/smart-store-craigwilcox/data/raw/sales_data.csv.
2025-03-20 13:54:37.819 | INFO     | __main__:main:45 - Data preparation complete.
2025-03-26 13:43:29.777 | INFO     | __main__:main:162 - ==================================
2025-03-26 13:43:29.778 | INFO     | __main__:main:163 - STARTING prepare_customers_data.py
2025-03-26 13:43:29.778 | INFO     | __main__:main:164 - ==================================
2025-03-26 13:43:29.778 | INFO     | __main__:main:166 - Root project folder: /Users/craigwilcox/Projects/smart-store-craigwilcox
2025-03-26 13:43:29.778 | INFO     | __main__:main:167 - data / raw folder: /Users/craigwilcox/Projects/smart-store-craigwilcox/data/raw
2025-03-26 13:43:29.778 | INFO     | __main__:main:168 - data / prepared folder: /Users/craigwilcox/Projects/smart-store-craigwilcox/data/prepared
2025-03-26 13:43:29.778 | INFO     | __main__:main:169 - scripts folder: /Users/craigwilcox/Projects/smart-store-craigwilcox/scripts
2025-03-26 13:43:29.778 | INFO     | __main__:read_raw_data:66 - FUNCTION START: read_raw_data with file_name=customers_data.csv
2025-03-26 13:43:29.778 | INFO     | __main__:read_raw_data:68 - Reading data from /Users/craigwilcox/Projects/smart-store-craigwilcox/data/raw/customers_data.csv
2025-03-26 13:43:29.782 | INFO     | __main__:read_raw_data:70 - Loaded dataframe with 11 rows and 6 columns
2025-03-26 13:43:29.782 | INFO     | __main__:main:178 - Initial dataframe columns: CustomerID, Name, Region, JoinDate, TotalTransactions, LoyaltyStatus
2025-03-26 13:43:29.782 | INFO     | __main__:main:179 - Initial dataframe shape: (11, 6)
2025-03-26 13:43:29.782 | INFO     | __main__:remove_duplicates:98 - FUNCTION START: remove_duplicates with dataframe shape=(11, 6)
2025-03-26 13:43:29.784 | INFO     | __main__:remove_duplicates:102 - Removed 0 duplicate rows
2025-03-26 13:43:29.784 | INFO     | __main__:remove_duplicates:103 - 11 records remaining after removing duplicates.
2025-03-26 13:43:29.784 | INFO     | __main__:handle_missing_values:117 - FUNCTION START: handle_missing_values with dataframe shape=(11, 6)
2025-03-26 13:43:29.785 | INFO     | __main__:handle_missing_values:121 - Total missing values before handling: 0
2025-03-26 13:43:29.785 | INFO     | __main__:handle_missing_values:130 - Total missing values after handling: 0
2025-03-26 13:43:29.785 | INFO     | __main__:handle_missing_values:131 - 11 records remaining after handling missing values.
2025-03-26 13:43:29.785 | INFO     | __main__:remove_outliers:145 - FUNCTION START: remove_outliers with dataframe shape=(11, 6)
2025-03-26 13:43:29.786 | INFO     | __main__:remove_outliers:153 - Removed 0 outlier rows
2025-03-26 13:43:29.786 | INFO     | __main__:remove_outliers:154 - 11 records remaining after removing outliers.
2025-03-26 13:43:29.786 | INFO     | __main__:save_prepared_data:81 - FUNCTION START: save_prepared_data with file_name=customers_data_prepared.csv, dataframe shape=(11, 6)
2025-03-26 13:56:35.318 | INFO     | __main__:main:162 - ==================================
2025-03-26 13:56:35.318 | INFO     | __main__:main:163 - STARTING prepare_customers_data.py
2025-03-26 13:56:35.318 | INFO     | __main__:main:164 - ==================================
2025-03-26 13:56:35.318 | INFO     | __main__:main:166 - Root project folder: /Users/craigwilcox/Projects/smart-store-craigwilcox
2025-03-26 13:56:35.318 | INFO     | __main__:main:167 - data / raw folder: /Users/craigwilcox/Projects/smart-store-craigwilcox/data/raw
2025-03-26 13:56:35.318 | INFO     | __main__:main:168 - data / prepared folder: /Users/craigwilcox/Projects/smart-store-craigwilcox/data/prepared
2025-03-26 13:56:35.319 | INFO     | __main__:main:169 - scripts folder: /Users/craigwilcox/Projects/smart-store-craigwilcox/scripts
2025-03-26 13:56:35.319 | INFO     | __main__:read_raw_data:66 - FUNCTION START: read_raw_data with file_name=customers_data.csv
2025-03-26 13:56:35.319 | INFO     | __main__:read_raw_data:68 - Reading data from /Users/craigwilcox/Projects/smart-store-craigwilcox/data/raw/customers_data.csv
2025-03-26 13:56:35.322 | INFO     | __main__:read_raw_data:70 - Loaded dataframe with 11 rows and 6 columns
2025-03-26 13:56:35.322 | INFO     | __main__:main:178 - Initial dataframe columns: CustomerID, Name, Region, JoinDate, TotalTransactions, LoyaltyStatus
2025-03-26 13:56:35.322 | INFO     | __main__:main:179 - Initial dataframe shape: (11, 6)
2025-03-26 13:56:35.322 | INFO     | __main__:remove_duplicates:98 - FUNCTION START: remove_duplicates with dataframe shape=(11, 6)
2025-03-26 13:56:35.324 | INFO     | __main__:remove_duplicates:102 - Removed 0 duplicate rows
2025-03-26 13:56:35.324 | INFO     | __main__:remove_duplicates:103 - 11 records remaining after removing duplicates.
2025-03-26 13:56:35.325 | INFO     | __main__:handle_missing_values:117 - FUNCTION START: handle_missing_values with dataframe shape=(11, 6)
2025-03-26 13:56:35.325 | INFO     | __main__:handle_missing_values:121 - Total missing values before handling: 0
2025-03-26 13:56:35.326 | INFO     | __main__:handle_missing_values:130 - Total missing values after handling: 0
2025-03-26 13:56:35.326 | INFO     | __main__:handle_missing_values:131 - 11 records remaining after handling missing values.
2025-03-26 13:56:35.326 | INFO     | __main__:remove_outliers:145 - FUNCTION START: remove_outliers with dataframe shape=(11, 6)
2025-03-26 13:56:35.326 | INFO     | __main__:remove_outliers:153 - Removed 0 outlier rows
2025-03-26 13:56:35.326 | INFO     | __main__:remove_outliers:154 - 11 records remaining after removing outliers.
2025-03-26 13:56:35.326 | INFO     | __main__:save_prepared_data:81 - FUNCTION START: save_prepared_data with file_name=customers_data_prepared.csv, dataframe shape=(11, 6)
2025-03-26 13:56:35.328 | INFO     | __main__:save_prepared_data:84 - Data saved to /Users/craigwilcox/Projects/smart-store-craigwilcox/data/prepared/customers_data_prepared.csv
2025-03-26 13:56:35.328 | INFO     | __main__:main:202 - ==================================
2025-03-26 13:56:35.328 | INFO     | __main__:main:203 - FINISHED prepare_customers_data.py
2025-03-26 13:56:35.328 | INFO     | __main__:main:204 - ==================================
2025-03-26 13:57:29.060 | INFO     | __main__:main:227 - ==================================
2025-03-26 13:57:29.060 | INFO     | __main__:main:228 - STARTING prepare_products_data.py
2025-03-26 13:57:29.060 | INFO     | __main__:main:229 - ==================================
2025-03-26 13:57:29.060 | INFO     | __main__:main:231 - Root project folder: /Users/craigwilcox/Projects/smart-store-craigwilcox
2025-03-26 13:57:29.060 | INFO     | __main__:main:232 - data / raw folder: /Users/craigwilcox/Projects/smart-store-craigwilcox/data/raw
2025-03-26 13:57:29.060 | INFO     | __main__:main:233 - data / prepared folder: /Users/craigwilcox/Projects/smart-store-craigwilcox/data/prepared
2025-03-26 13:57:29.060 | INFO     | __main__:read_raw_data:59 - FUNCTION START: read_raw_data with file_name=products_data.csv
2025-03-26 13:57:29.061 | INFO     | __main__:read_raw_data:61 - Reading data from /Users/craigwilcox/Projects/smart-store-craigwilcox/data/raw/products_data.csv
2025-03-26 13:57:29.063 | INFO     | __main__:read_raw_data:63 - Loaded dataframe with 8 rows and 6 columns
2025-03-26 13:57:29.063 | INFO     | __main__:main:242 - Initial dataframe columns: ProductID, ProductName, Category, UnitPrice, Daystoreceive, Customizable
2025-03-26 13:57:29.063 | INFO     | __main__:main:243 - Initial dataframe shape: (8, 6)
2025-03-26 13:57:29.063 | INFO     | __main__:main:252 - Cleaned column names: ProductID -> productid, ProductName -> productname, Category -> category, UnitPrice -> unitprice, Daystoreceive -> daystoreceive, Customizable -> customizable
2025-03-26 13:57:29.064 | INFO     | __main__:remove_duplicates:96 - FUNCTION START: remove_duplicates with dataframe shape=(8, 6)
2025-03-26 13:57:29.065 | INFO     | __main__:remove_duplicates:106 - Removed 0 duplicate rows
2025-03-26 13:57:29.065 | INFO     | __main__:remove_duplicates:107 - 8 records remaining after removing duplicates.
2025-03-26 13:57:29.065 | INFO     | __main__:handle_missing_values:121 - FUNCTION START: handle_missing_values with dataframe shape=(8, 6)
2025-03-26 13:57:29.067 | INFO     | __main__:handle_missing_values:126 - Missing values by column before handling:
productid        0
productname      0
category         0
unitprice        0
daystoreceive    0
customizable     2
dtype: int64
2025-03-26 13:57:29.068 | INFO     | __main__:handle_missing_values:140 - Missing values by column after handling:
productid        0
productname      0
category         0
unitprice        0
daystoreceive    0
customizable     2
dtype: int64
2025-03-26 13:57:29.068 | INFO     | __main__:handle_missing_values:141 - 8 records remaining after handling missing values.
2025-03-26 13:57:29.068 | INFO     | __main__:standardize_formats:188 - FUNCTION START: standardize_formats with dataframe shape=(8, 6)
2025-03-26 13:57:29.068 | INFO     | __main__:standardize_formats:198 - Completed standardizing formats
2025-03-26 13:57:29.068 | INFO     | __main__:remove_outliers:155 - FUNCTION START: remove_outliers with dataframe shape=(8, 6)
2025-03-26 13:57:29.068 | INFO     | __main__:remove_outliers:174 - Removed 0 outlier rows
2025-03-26 13:57:29.069 | INFO     | __main__:remove_outliers:175 - 8 records remaining after removing outliers.
2025-03-26 13:57:29.069 | INFO     | __main__:validate_data:211 - FUNCTION START: validate_data with dataframe shape=(8, 6)
2025-03-26 13:57:29.069 | INFO     | __main__:validate_data:220 - Data validation complete
2025-03-26 13:57:29.069 | INFO     | __main__:save_prepared_data:81 - FUNCTION START: save_prepared_data with file_name=products_data_prepared.csv, dataframe shape=(8, 6)
2025-03-26 13:57:29.070 | INFO     | __main__:save_prepared_data:84 - Data saved to /Users/craigwilcox/Projects/smart-store-craigwilcox/data/prepared/products_data_prepared.csv
2025-03-26 13:57:29.070 | INFO     | __main__:main:264 - ==================================
2025-03-26 13:57:29.070 | INFO     | __main__:main:265 - FINISHED prepare_products_data.py
2025-03-26 13:57:29.071 | INFO     | __main__:main:266 - ==================================
2025-03-26 13:57:47.712 | INFO     | __main__:main:227 - ==================================
2025-03-26 13:57:47.712 | INFO     | __main__:main:228 - STARTING prepare_products_data.py
2025-03-26 13:57:47.713 | INFO     | __main__:main:229 - ==================================
2025-03-26 13:57:47.713 | INFO     | __main__:main:231 - Root project folder: /Users/craigwilcox/Projects/smart-store-craigwilcox
2025-03-26 13:57:47.713 | INFO     | __main__:main:232 - data / raw folder: /Users/craigwilcox/Projects/smart-store-craigwilcox/data/raw
2025-03-26 13:57:47.713 | INFO     | __main__:main:233 - data / prepared folder: /Users/craigwilcox/Projects/smart-store-craigwilcox/data/prepared
2025-03-26 13:57:47.713 | INFO     | __main__:read_raw_data:59 - FUNCTION START: read_raw_data with file_name=sales_data.csv
2025-03-26 13:57:47.713 | INFO     | __main__:read_raw_data:61 - Reading data from /Users/craigwilcox/Projects/smart-store-craigwilcox/data/raw/sales_data.csv
2025-03-26 13:57:47.715 | INFO     | __main__:read_raw_data:63 - Loaded dataframe with 94 rows and 9 columns
2025-03-26 13:57:47.716 | INFO     | __main__:main:242 - Initial dataframe columns: TransactionID, SaleDate, CustomerID, ProductID, StoreID, CampaignID, SaleAmount, LoyaltyPercentage, BillType
2025-03-26 13:57:47.716 | INFO     | __main__:main:243 - Initial dataframe shape: (94, 9)
2025-03-26 13:57:47.716 | INFO     | __main__:main:252 - Cleaned column names: TransactionID -> transactionid, SaleDate -> saledate, CustomerID -> customerid, ProductID -> productid, StoreID -> storeid, CampaignID -> campaignid, SaleAmount -> saleamount, LoyaltyPercentage -> loyaltypercentage, BillType -> billtype
2025-03-26 13:57:47.716 | INFO     | __main__:remove_duplicates:96 - FUNCTION START: remove_duplicates with dataframe shape=(94, 9)
2025-03-26 13:57:47.718 | INFO     | __main__:remove_duplicates:106 - Removed 0 duplicate rows
2025-03-26 13:57:47.718 | INFO     | __main__:remove_duplicates:107 - 94 records remaining after removing duplicates.
2025-03-26 13:57:47.718 | INFO     | __main__:handle_missing_values:121 - FUNCTION START: handle_missing_values with dataframe shape=(94, 9)
2025-03-26 13:57:47.719 | INFO     | __main__:handle_missing_values:126 - Missing values by column before handling:
transactionid        0
saledate             0
customerid           0
productid            0
storeid              0
campaignid           0
saleamount           0
loyaltypercentage    0
billtype             0
dtype: int64
2025-03-26 13:57:47.720 | INFO     | __main__:handle_missing_values:140 - Missing values by column after handling:
transactionid        0
saledate             0
customerid           0
productid            0
storeid              0
campaignid           0
saleamount           0
loyaltypercentage    0
billtype             0
dtype: int64
2025-03-26 13:57:47.720 | INFO     | __main__:handle_missing_values:141 - 94 records remaining after handling missing values.
2025-03-26 13:57:47.720 | INFO     | __main__:standardize_formats:188 - FUNCTION START: standardize_formats with dataframe shape=(94, 9)
2025-03-26 13:57:47.720 | INFO     | __main__:standardize_formats:198 - Completed standardizing formats
2025-03-26 13:57:47.720 | INFO     | __main__:remove_outliers:155 - FUNCTION START: remove_outliers with dataframe shape=(94, 9)
2025-03-26 13:57:47.720 | INFO     | __main__:remove_outliers:174 - Removed 0 outlier rows
2025-03-26 13:57:47.720 | INFO     | __main__:remove_outliers:175 - 94 records remaining after removing outliers.
2025-03-26 13:57:47.721 | INFO     | __main__:validate_data:211 - FUNCTION START: validate_data with dataframe shape=(94, 9)
2025-03-26 13:57:47.721 | INFO     | __main__:validate_data:220 - Data validation complete
2025-03-26 13:57:47.721 | INFO     | __main__:save_prepared_data:81 - FUNCTION START: save_prepared_data with file_name=sales_data_prepared.csv, dataframe shape=(94, 9)
2025-03-26 13:57:47.722 | INFO     | __main__:save_prepared_data:84 - Data saved to /Users/craigwilcox/Projects/smart-store-craigwilcox/data/prepared/sales_data_prepared.csv
2025-03-26 13:57:47.723 | INFO     | __main__:main:264 - ==================================
2025-03-26 13:57:47.723 | INFO     | __main__:main:265 - FINISHED prepare_products_data.py
2025-03-26 13:57:47.723 | INFO     | __main__:main:266 - ==================================
